2025-05-07 23:19:59,461 - INFO - Connected to testnet
2025-05-07 23:19:59,830 - WARNING - [0xa9D24E712665872f39dac88C2802854794F1feD7] has low balance: 0 ETH
2025-05-07 23:19:59,830 - WARNING - [0x9A5440081c2c42b54A44A2ca976FB723D336e9ef] has low balance: 0 ETH
2025-05-07 23:19:59,834 - WARNING - [0x781a5E0c55478621076AC99f52a5802f0425E679] has low balance: 0 ETH
2025-05-07 23:19:59,912 - WARNING - [0xf153295071870321944aB6934E0f598324E0EaB7] has low balance: 0 ETH
2025-05-07 23:20:00,053 - WARNING - [0x293E55d6F905daa8DfDd66A703D3D126D8D80d52] has low balance: 0 ETH
2025-05-07 23:20:00,067 - WARNING - [0xb7174b3945bB2170dfaeCA480D65E95509EBA39f] has low balance: 0 ETH
2025-05-07 23:20:00,229 - WARNING - [0x5d1eFc6a6a7a94A17804a00414461E81164D9f9d] has low balance: 0 ETH
2025-05-07 23:20:00,288 - WARNING - [0xc6Eac57ee8c9B0d1F4aF3afce95686d41bD36bF2] has low balance: 0 ETH
2025-05-07 23:20:00,481 - WARNING - [0xb13fc4a17A0e46b613bf79Cd203828CB7E434D98] has low balance: 0 ETH
2025-05-07 23:20:00,515 - WARNING - [0x9dCA833FFC70B36F8C58307867d79AC0FC486b86] has low balance: 0 ETH
2025-05-07 23:20:00,541 - WARNING - [0x48fE3c48450Db43f1f52391846554ea010351D6b] has low balance: 0 ETH
2025-05-07 23:20:00,690 - WARNING - [0xBf6cFDCD52f40C274eB3503483D572f677f32977] has low balance: 0 ETH
2025-05-07 23:20:00,697 - WARNING - [0x5163B6AD4EBbAd7bf412fd5a83Ec90a1A276109b] has low balance: 0 ETH
2025-05-07 23:20:00,740 - WARNING - [0x6Caa68F559f6B64f39E791d65Fae10F230e437B8] has low balance: 0 ETH
2025-05-07 23:20:00,761 - WARNING - [0x829aB932bc7364237A92b5c03151B687bC9AfC0a] has low balance: 0 ETH
2025-05-07 23:20:00,932 - WARNING - [0x8E2CF4Aef414C1e7172478B87201ce3D40A261c3] has low balance: 0 ETH
2025-05-07 23:20:00,959 - WARNING - [0xDfce4bD8Ab4e9Ea1771B47E21C6294D62a38343d] has low balance: 0 ETH
2025-05-07 23:20:01,005 - WARNING - [0x7F1450866fa1A381974D50051587D1D18C0FFC02] has low balance: 0 ETH
2025-05-07 23:20:01,020 - WARNING - [0x1dbf2714df12FB5d598ec805B3d794F250077a50] has low balance: 0 ETH
2025-05-07 23:20:01,166 - WARNING - [0x2f52b70560FCE7301e53EAE92b5563D77e2215C3] has low balance: 0 ETH
2025-05-07 23:20:01,198 - WARNING - [0x21237Caa6fBB7ceCb44f30AaD255C2AC322BA912] has low balance: 0 ETH
2025-05-07 23:20:01,236 - WARNING - [0x5BAB2E3dDe7267c76809F3B0255B57C9f845F2ab] has low balance: 0 ETH
2025-05-07 23:20:01,412 - WARNING - [0x3489Ab19B33D57d5aCf2481e2e1f5F62794101eB] has low balance: 0 ETH
2025-05-07 23:20:01,434 - WARNING - [0x3189cfD46311812CaF39Ce6e25AB90F66607Cd6F] has low balance: 0 ETH
2025-05-07 23:20:01,468 - WARNING - [0xa6F272869A8aFa6Ba58beff5e640E1E51a9De860] has low balance: 0 ETH
2025-05-07 23:20:01,566 - WARNING - [0x5556a68cb250C5bc8d5a64e900e22c526cE1cb52] has low balance: 0 ETH
2025-05-07 23:20:01,633 - WARNING - [0x61727B1aE463877E0c1A20a487817B602cfB67aE] has low balance: 0 ETH
2025-05-07 23:20:01,654 - WARNING - [0xf73b2A4E6E0b80DF3cDE8B66954cc89656EEFcF7] has low balance: 0 ETH
2025-05-07 23:20:01,691 - WARNING - [0xf4986DF3B4a8Ba766bbBdb524bF5634725445b18] has low balance: 0 ETH
2025-05-07 23:20:01,815 - WARNING - [0x26189296AfAb2098503F98808a36922aED951035] has low balance: 0 ETH
2025-05-07 23:20:01,874 - WARNING - [0x609f14E8f462b92bb48B32260F911f3bF8088738] has low balance: 0 ETH
2025-05-07 23:20:01,896 - WARNING - [0x3A574431C38b4a8082d2f11314fd1cbc00969F42] has low balance: 0 ETH
2025-05-07 23:20:01,926 - WARNING - [0x49b5a130DA17BDD1812e9ed15552f7F7092e09Bd] has low balance: 0 ETH
2025-05-07 23:20:02,084 - WARNING - [0xFCbb6aB00Be5a2093E1e2A0d7963B7294a7ab2FD] has low balance: 0 ETH
2025-05-07 23:20:02,101 - WARNING - [0xecEf22B957f9A424ddC02fF5A2D950902C210138] has low balance: 0 ETH
2025-05-07 23:20:02,135 - WARNING - [0xe9fA89426935a1a1e37D61ee11d74987A89bE39d] has low balance: 0 ETH
2025-05-07 23:20:02,155 - WARNING - [0xcE613c008d15C7bc0a28B7762687b3f141Fef9b3] has low balance: 0 ETH
2025-05-07 23:20:02,359 - WARNING - [0x34B069d6E4190fB5cC77975ED0ccb4950C61484d] has low balance: 0 ETH
2025-05-07 23:20:02,387 - WARNING - [0xDC423d1dd5178CdC55F56e90177FB2f882f6797e] has low balance: 0 ETH
2025-05-07 23:20:02,610 - WARNING - [0x53cD2f2Bb4024B82e71DdD04cA150B0DA5ddCB97] has low balance: 0 ETH
2025-05-07 23:20:02,611 - WARNING - [0x2AE8a49ab4facD014feb95FF2338191C4b74CB52] has low balance: 0 ETH
2025-05-07 23:20:02,633 - WARNING - [0x7226cce71d74EcB50439df0B1d6AdAcAD10D8517] has low balance: 0 ETH
2025-05-07 23:20:02,801 - WARNING - [0xce6405A2D52B0a5c31821A06D11F192f7f15DA6f] has low balance: 0 ETH
2025-05-07 23:20:02,857 - WARNING - [0x06a4B6A877801846Cb562ae2261514006Ab770AD] has low balance: 0 ETH
2025-05-07 23:20:02,860 - WARNING - [0x2ed97c098345A38019CCd3d45Fa672cfD881b7aA] has low balance: 0 ETH
2025-05-07 23:20:02,871 - WARNING - [0x2cf513B889878E32426cE91fEd8871048d7A9273] has low balance: 0 ETH
2025-05-07 23:20:03,075 - WARNING - [0xD05d48FE1ec5b78678ABb7dE2bF055F8cdEdd80d] has low balance: 0 ETH
2025-05-07 23:20:03,103 - WARNING - [0x1614bD5D9CfBcFD19eB9C8b425Cfbfb275Af0382] has low balance: 0 ETH
2025-05-07 23:20:03,118 - WARNING - [0x8EF069999BB8E705449018Fa8696bC8126da675b] has low balance: 0 ETH
2025-05-07 23:20:03,144 - WARNING - [0xBC75eE68c8322c92A811d0D047caef47DDf8d839] has low balance: 0 ETH
2025-05-07 23:20:03,356 - WARNING - [0x13Bf9b3c2c4ec39eb68619A1be46091f53CB11E2] has low balance: 0 ETH
2025-05-07 23:20:03,364 - WARNING - [0x637Ca1819c4381726E397dae8fE2D74f32011B6F] has low balance: 0 ETH
2025-05-07 23:20:03,388 - WARNING - [0x75C15e9D6498DB1A3c4AEb2e73AdCb3eF41e40AF] has low balance: 0 ETH
2025-05-07 23:20:03,463 - WARNING - [0x7a79F6D43eCD1a2Cd4E2Fa97c92e8113E124010e] has low balance: 0 ETH
2025-05-07 23:20:03,596 - INFO - [0xf52F194Fc1aF72aB069A1F455222d08908ee3010] create_game DONE | 0xbfb0ce510c610093345cf08a211169fa06c75a11a7d930882c922435489c774d | Game address: 0x85D4bB3b3D6dc4217070e8Dc99d9f0863Bc1937C
2025-05-07 23:20:03,598 - INFO - [0xf52F194Fc1aF72aB069A1F455222d08908ee3010] Simulated secret word: xray
2025-05-07 23:20:03,602 - WARNING - [0x6fAB10cc74b06dE4f328150f75545d0F9C68aaA9] has low balance: 0 ETH
2025-05-07 23:20:03,632 - WARNING - [0x8445d337412927a2Ba04D0b4B5281Ac60dC023DC] has low balance: 0 ETH
2025-05-07 23:20:03,651 - WARNING - [0xB5252D5Eb1F11CF5948fA20Dca2d601d96462519] has low balance: 0 ETH
2025-05-07 23:20:03,918 - WARNING - [0x71FE1d5927E003f8aDE0f1FBe6640AA4B7DBa4f4] has low balance: 0 ETH
2025-05-07 23:20:04,058 - WARNING - [0x4Fdb46b27bC5576a71641591d05f67CF0e2BfE35] has low balance: 0 ETH
2025-05-07 23:20:04,066 - WARNING - [0x888d988724C8CE603F1640d42A83EaC0EA23168d] has low balance: 0 ETH
2025-05-07 23:20:04,080 - WARNING - [0x009AC2814f5EE0cA6E6b1A1567D1f65D5e9bf5D7] has low balance: 0 ETH
2025-05-07 23:20:04,210 - WARNING - [0xA706c8cF79d5c0d851c6F99F9F2017457217aD8d] has low balance: 0 ETH
2025-05-07 23:20:04,332 - WARNING - [0x9b3De5902efe62e6EFA47016F39F2D398FCA26B6] has low balance: 0 ETH
2025-05-07 23:20:04,414 - WARNING - [0xBAcE45198c4D8A6A6392B6696975472e1849EA38] has low balance: 0 ETH
2025-05-07 23:20:04,446 - WARNING - [0xcc4594d6a91E7e4a50395F38B6707B60BA5feF8a] has low balance: 0 ETH
2025-05-07 23:20:04,484 - WARNING - [0x61c4d5471F5D998e6784F1c202d6ca9ecd6270a9] has low balance: 0 ETH
2025-05-07 23:20:04,776 - WARNING - [0x898f56f7351e865Ea6F4306F7f0228ECEb7186Ce] has low balance: 0 ETH
2025-05-07 23:20:04,781 - WARNING - [0x57204eb8b044F0eaD8fF1A5E32cb5424F3065643] has low balance: 0 ETH
2025-05-07 23:20:04,797 - WARNING - [0x8661d0EdD9B440c68fA13038EE72B712C399F2eB] has low balance: 0 ETH
2025-05-07 23:20:05,231 - WARNING - [0x08bf9a74fA59f21930c6aF03853a2feda14B716d] has low balance: 0 ETH
2025-05-07 23:20:05,236 - WARNING - [0x0352b3285AC3AE9c42F8EC182993218c306e083F] has low balance: 0 ETH
2025-05-07 23:20:05,238 - WARNING - [0xF0bB46219dec9A0E4080977985E99cC4604bfb7F] has low balance: 0 ETH
2025-05-07 23:20:05,309 - WARNING - [0x09c5c307e8B8041c1d9559Ef4c024BA6331f440d] has low balance: 0 ETH
2025-05-07 23:20:05,501 - WARNING - [0x3c4a498e92357bbd96EE1e8F64f53F99b0a8f690] has low balance: 0 ETH
2025-05-07 23:20:05,501 - WARNING - [0xeb3d352417Bfe6152a41C376Fa2e80e12CFB7ccF] has low balance: 0 ETH
2025-05-07 23:20:05,516 - WARNING - [0xaf1507aDc4Eb77e3062d0ac6280F98411107d361] has low balance: 0 ETH
2025-05-07 23:20:05,571 - WARNING - [0x3C83eaa981dfc57E447018280F646a067931f1Fe] has low balance: 0 ETH
2025-05-07 23:20:05,751 - WARNING - [0xf9A93A5C6Bf18cF7aaf441f3C8a11f9C8D966e3b] has low balance: 0 ETH
2025-05-07 23:20:05,760 - WARNING - [0x57f24b32781FBa2A14062467A3193df7Ba83c4f6] has low balance: 0 ETH
2025-05-07 23:20:05,804 - WARNING - [0xaE47a3Ee037C47b2b44e24D7Fb8b2D1B8Bb5cd1a] has low balance: 0 ETH
2025-05-07 23:20:05,993 - WARNING - [0xB9A9b8fb01d792dBe4DCe02322baB772fb272d36] has low balance: 0 ETH
2025-05-07 23:20:05,994 - WARNING - [0x98dFC83fE47aeF0572c1610b070D92763aad8C01] has low balance: 0 ETH
2025-05-07 23:20:06,046 - WARNING - [0x7734d18a7d689f99890B51d79BE0a97a6c15AAdC] has low balance: 0 ETH
2025-05-07 23:20:06,051 - WARNING - [0x0A6A249A69384FD7168706F9BD96F9f8925Ea6b0] has low balance: 0 ETH
2025-05-07 23:20:06,214 - WARNING - [0x29C7847831BcFda0e271BC61088D4edB1b6B99F9] has low balance: 0 ETH
2025-05-07 23:20:06,292 - WARNING - [0x7c713d0Fa528895bf85d61E1531a0d0f3Fbd35C3] has low balance: 0 ETH
2025-05-07 23:20:06,299 - WARNING - [0xB3e19C86Fa8f278Ced86815BF42189Ec135EE67F] has low balance: 0 ETH
2025-05-07 23:20:06,317 - WARNING - [0x33479c324798C376a8Ec1f4aaE8587e4C184182c] has low balance: 0 ETH
2025-05-07 23:20:06,433 - WARNING - [0xf89cc0E4e06D66009904c9bD80ddc5b10eb50DdE] has low balance: 0 ETH
2025-05-07 23:20:06,531 - WARNING - [0x7988cB4E163C21eAC1f84d518FE783101CE285D9] has low balance: 0 ETH
2025-05-07 23:20:06,537 - WARNING - [0x3fd92b7BA9dC387e24C4e4D7752B95b36a9f6AC9] has low balance: 0 ETH
2025-05-07 23:20:06,563 - WARNING - [0x88585D791EaD095d3fDFA95cd71b8F09a26e8E86] has low balance: 0 ETH
2025-05-07 23:20:06,697 - WARNING - [0x8dD968d83aDE887004017BE60d79b6D4c1CEf5Ca] has low balance: 0 ETH
2025-05-07 23:20:06,754 - WARNING - [0xb48E21e88d5EA0A9C5C7F4e8490e676008abdbbe] has low balance: 0 ETH
2025-05-07 23:20:06,787 - WARNING - [0x203E06d5F0095a39604F3CDBB6a40D812f87eB72] has low balance: 0 ETH
2025-05-07 23:20:06,796 - WARNING - [0xFCA4d5DA3655De553B9836Ba68953176Fb1D80a6] has low balance: 0 ETH
2025-05-07 23:20:06,968 - WARNING - [0xA99bf244ae6f89EB1ede4b9Df71CB0786C29Db3C] has low balance: 0 ETH
2025-05-07 23:20:06,980 - WARNING - [0x618DDcEfFe9392f2376446f6BA6dA66c7f1317D8] has low balance: 0 ETH
2025-05-07 23:20:07,026 - WARNING - [0xBC77700C997942b93082a99eba8186afFE156744] has low balance: 0 ETH
2025-05-07 23:20:07,542 - INFO - [0xf52F194Fc1aF72aB069A1F455222d08908ee3010] guess_letter('k') DONE | 0x5fcf425e32f75970fdce83e8be29e17b1358d46c2bdfa94d4f61cf47077ec653
2025-05-07 23:20:23,016 - INFO - [0xf52F194Fc1aF72aB069A1F455222d08908ee3010] guess_letter('p') DONE | 0x7619ff45340a6c2ccf679718690908a868a92700bd2e1665914018a02af4bdf8
2025-05-07 23:20:38,842 - INFO - [0xf52F194Fc1aF72aB069A1F455222d08908ee3010] guess_letter('g') DONE | 0xd997da4e4b6c910eade43bf14f92bc20e4f0d0cf6032c0c2ae54ff49df08ff2f
2025-05-07 23:20:50,807 - INFO - [0xf52F194Fc1aF72aB069A1F455222d08908ee3010] guess_letter('y') DONE | 0x063b55e13c0cae7aa1588de759d6bcc1c60055780930cf151a82c3cb9c9121a6
2025-05-07 23:21:00,706 - INFO - [0xf52F194Fc1aF72aB069A1F455222d08908ee3010] guess_letter('x') DONE | 0x56803abef38b77d22ec4d76cf3f3da0791a5a8deac6f133f6a173e898b10d108
2025-05-07 23:21:16,768 - INFO - [0xf52F194Fc1aF72aB069A1F455222d08908ee3010] guess_letter('r') DONE | 0x1fb926202ba6c807a8442bec9cb220035a63b4336543719abd0f9530af63d95e
2025-05-07 23:21:24,964 - INFO - [0xf52F194Fc1aF72aB069A1F455222d08908ee3010] guess_letter('a') DONE | 0xadec89e8349176280acdd256e6912f294bcc64977c4906b284f96271d44d59ec
2025-05-07 23:21:24,964 - INFO - [0xf52F194Fc1aF72aB069A1F455222d08908ee3010] Game completed: Won!
2025-05-07 23:21:38,656 - INFO - [0xf52F194Fc1aF72aB069A1F455222d08908ee3010] mint_cusdc DONE | 0x9f69d481a57a2216552dbc95bb5e5459fcb68ceaee5e4a068628ce89f1e8ebcb
2025-05-07 23:21:48,829 - INFO - [0xf52F194Fc1aF72aB069A1F455222d08908ee3010] approve DONE | 0x6302d5148eea6fccfc67ef644e40b0be7e1ceaad6c275bedee63d422fd994c69
2025-05-07 23:21:52,998 - INFO - [0xf52F194Fc1aF72aB069A1F455222d08908ee3010] wrap DONE | 0xb50d401174aa63536fd9a201f4cba134bcd70a9a8327fcfe7a00f2c5713ad1c8
2025-05-07 23:22:05,386 - INFO - [0xf52F194Fc1aF72aB069A1F455222d08908ee3010] unshield_cusdc DONE | 0xc2b64d02a1f77d65a42a1f2ce20f08e01c413abc6af5b7dbcebfa25d34c86dfa
2025-05-07 23:22:22,939 - INFO - [0xf52F194Fc1aF72aB069A1F455222d08908ee3010] mint_usdc DONE | 0x52b7824dcfe14536939789ac49cb5a8b28b02bcd8e47827c5d7f7d22236897f7
2025-05-07 23:22:32,614 - ERROR - Task exception was never retrieved
future: <Task finished name='Task-1' coro=<main() done, defined at C:\Users\umfuchi\Desktop\abuse\software\Inco\main.py:41> exception=KeyboardInterrupt()>
Traceback (most recent call last):
  File "C:\Users\umfuchi\AppData\Local\Programs\Python\Python310\lib\asyncio\runners.py", line 44, in run
    return loop.run_until_complete(main)
  File "C:\Users\umfuchi\AppData\Local\Programs\Python\Python310\lib\asyncio\base_events.py", line 633, in run_until_complete
    self.run_forever()
  File "C:\Users\umfuchi\AppData\Local\Programs\Python\Python310\lib\asyncio\windows_events.py", line 321, in run_forever
    super().run_forever()
  File "C:\Users\umfuchi\AppData\Local\Programs\Python\Python310\lib\asyncio\base_events.py", line 600, in run_forever
    self._run_once()
  File "C:\Users\umfuchi\AppData\Local\Programs\Python\Python310\lib\asyncio\base_events.py", line 1860, in _run_once
    event_list = self._selector.select(timeout)
  File "C:\Users\umfuchi\AppData\Local\Programs\Python\Python310\lib\asyncio\windows_events.py", line 439, in select
    self._poll(timeout)
  File "C:\Users\umfuchi\AppData\Local\Programs\Python\Python310\lib\asyncio\windows_events.py", line 788, in _poll
    status = _overlapped.GetQueuedCompletionStatus(self._iocp, ms)
KeyboardInterrupt

During handling of the above exception, another exception occurred:

Traceback (most recent call last):
  File "C:\Users\umfuchi\Desktop\abuse\software\Inco\main.py", line 71, in main
    await asyncio.gather(*tasks)
asyncio.exceptions.CancelledError

During handling of the above exception, another exception occurred:

Traceback (most recent call last):
  File "C:\Users\umfuchi\Desktop\abuse\software\Inco\main.py", line 81, in <module>
    asyncio.run(main())
  File "C:\Users\umfuchi\AppData\Local\Programs\Python\Python310\lib\asyncio\runners.py", line 47, in run
    _cancel_all_tasks(loop)
  File "C:\Users\umfuchi\AppData\Local\Programs\Python\Python310\lib\asyncio\runners.py", line 63, in _cancel_all_tasks
    loop.run_until_complete(tasks.gather(*to_cancel, return_exceptions=True))
  File "C:\Users\umfuchi\AppData\Local\Programs\Python\Python310\lib\asyncio\base_events.py", line 633, in run_until_complete
    self.run_forever()
  File "C:\Users\umfuchi\AppData\Local\Programs\Python\Python310\lib\asyncio\windows_events.py", line 321, in run_forever
    super().run_forever()
  File "C:\Users\umfuchi\AppData\Local\Programs\Python\Python310\lib\asyncio\base_events.py", line 600, in run_forever
    self._run_once()
  File "C:\Users\umfuchi\AppData\Local\Programs\Python\Python310\lib\asyncio\base_events.py", line 1896, in _run_once
    handle._run()
  File "C:\Users\umfuchi\AppData\Local\Programs\Python\Python310\lib\asyncio\events.py", line 80, in _run
    self._context.run(self._callback, *self._args)
  File "C:\Users\umfuchi\Desktop\abuse\software\Inco\main.py", line 60, in main
    with ThreadPoolExecutor(max_workers=num_threads) as executor:
  File "C:\Users\umfuchi\AppData\Local\Programs\Python\Python310\lib\concurrent\futures\_base.py", line 637, in __exit__
    self.shutdown(wait=True)
  File "C:\Users\umfuchi\AppData\Local\Programs\Python\Python310\lib\concurrent\futures\thread.py", line 235, in shutdown
    t.join()
  File "C:\Users\umfuchi\AppData\Local\Programs\Python\Python310\lib\threading.py", line 1089, in join
    self._wait_for_tstate_lock()
  File "C:\Users\umfuchi\AppData\Local\Programs\Python\Python310\lib\threading.py", line 1109, in _wait_for_tstate_lock
    if lock.acquire(block, timeout):
KeyboardInterrupt
2025-05-08 07:49:13,621 - INFO - Connected to testnet
2025-05-08 07:49:13,865 - WARNING - [0xa9D24E712665872f39dac88C2802854794F1feD7] has low balance: 0 ETH
2025-05-08 07:49:13,880 - WARNING - [0x1dbf2714df12FB5d598ec805B3d794F250077a50] has low balance: 0 ETH
2025-05-08 07:49:14,086 - WARNING - [0x3A574431C38b4a8082d2f11314fd1cbc00969F42] has low balance: 0 ETH
2025-05-08 07:49:14,264 - WARNING - [0x6Caa68F559f6B64f39E791d65Fae10F230e437B8] has low balance: 0 ETH
2025-05-08 07:49:14,327 - WARNING - [0xecEf22B957f9A424ddC02fF5A2D950902C210138] has low balance: 0 ETH
2025-05-08 07:49:14,500 - WARNING - [0xf153295071870321944aB6934E0f598324E0EaB7] has low balance: 0 ETH
2025-05-08 07:49:14,565 - WARNING - [0x9b3De5902efe62e6EFA47016F39F2D398FCA26B6] has low balance: 0 ETH
2025-05-08 07:49:14,792 - WARNING - [0xf4986DF3B4a8Ba766bbBdb524bF5634725445b18] has low balance: 0 ETH
2025-05-08 07:49:14,819 - WARNING - [0x293E55d6F905daa8DfDd66A703D3D126D8D80d52] has low balance: 0 ETH
2025-05-08 07:49:14,874 - WARNING - [0xf89cc0E4e06D66009904c9bD80ddc5b10eb50DdE] has low balance: 0 ETH
2025-05-08 07:49:15,021 - WARNING - [0xB9A9b8fb01d792dBe4DCe02322baB772fb272d36] has low balance: 0 ETH
2025-05-08 07:49:15,060 - WARNING - [0x4Fdb46b27bC5576a71641591d05f67CF0e2BfE35] has low balance: 0 ETH
2025-05-08 07:49:15,131 - WARNING - [0x3489Ab19B33D57d5aCf2481e2e1f5F62794101eB] has low balance: 0 ETH
2025-05-08 07:49:15,256 - WARNING - [0x2AE8a49ab4facD014feb95FF2338191C4b74CB52] has low balance: 0 ETH
2025-05-08 07:49:15,307 - WARNING - [0x98dFC83fE47aeF0572c1610b070D92763aad8C01] has low balance: 0 ETH
2025-05-08 07:49:15,372 - WARNING - [0x888d988724C8CE603F1640d42A83EaC0EA23168d] has low balance: 0 ETH
2025-05-08 07:49:15,557 - WARNING - [0x48fE3c48450Db43f1f52391846554ea010351D6b] has low balance: 0 ETH
2025-05-08 07:49:15,570 - WARNING - [0x29C7847831BcFda0e271BC61088D4edB1b6B99F9] has low balance: 0 ETH
2025-05-08 07:49:15,592 - WARNING - [0x7226cce71d74EcB50439df0B1d6AdAcAD10D8517] has low balance: 0 ETH
2025-05-08 07:49:15,792 - WARNING - [0xA706c8cF79d5c0d851c6F99F9F2017457217aD8d] has low balance: 0 ETH
2025-05-08 07:49:15,797 - WARNING - [0x09c5c307e8B8041c1d9559Ef4c024BA6331f440d] has low balance: 0 ETH
2025-05-08 07:49:15,816 - WARNING - [0x3189cfD46311812CaF39Ce6e25AB90F66607Cd6F] has low balance: 0 ETH
2025-05-08 07:49:16,013 - WARNING - [0xBC77700C997942b93082a99eba8186afFE156744] has low balance: 0 ETH
2025-05-08 07:49:16,044 - WARNING - [0xe9fA89426935a1a1e37D61ee11d74987A89bE39d] has low balance: 0 ETH
2025-05-08 07:49:16,046 - WARNING - [0x88585D791EaD095d3fDFA95cd71b8F09a26e8E86] has low balance: 0 ETH
2025-05-08 07:49:16,279 - WARNING - [0x13Bf9b3c2c4ec39eb68619A1be46091f53CB11E2] has low balance: 0 ETH
2025-05-08 07:49:16,280 - WARNING - [0x203E06d5F0095a39604F3CDBB6a40D812f87eB72] has low balance: 0 ETH
2025-05-08 07:49:16,392 - WARNING - [0x5d1eFc6a6a7a94A17804a00414461E81164D9f9d] has low balance: 0 ETH
2025-05-08 07:49:16,615 - WARNING - [0x5BAB2E3dDe7267c76809F3B0255B57C9f845F2ab] has low balance: 0 ETH
2025-05-08 07:49:16,616 - WARNING - [0xBAcE45198c4D8A6A6392B6696975472e1849EA38] has low balance: 0 ETH
2025-05-08 07:49:16,667 - WARNING - [0x61727B1aE463877E0c1A20a487817B602cfB67aE] has low balance: 0 ETH
2025-05-08 07:49:16,871 - WARNING - [0x6fAB10cc74b06dE4f328150f75545d0F9C68aaA9] has low balance: 0 ETH
2025-05-08 07:49:16,898 - WARNING - [0xf9A93A5C6Bf18cF7aaf441f3C8a11f9C8D966e3b] has low balance: 0 ETH
2025-05-08 07:49:17,153 - WARNING - [0xDfce4bD8Ab4e9Ea1771B47E21C6294D62a38343d] has low balance: 0 ETH
2025-05-08 07:49:17,427 - WARNING - [0x1614bD5D9CfBcFD19eB9C8b425Cfbfb275Af0382] has low balance: 0 ETH
2025-05-08 07:49:17,491 - WARNING - [0xeb3d352417Bfe6152a41C376Fa2e80e12CFB7ccF] has low balance: 0 ETH
2025-05-08 07:49:17,553 - WARNING - [0xBf6cFDCD52f40C274eB3503483D572f677f32977] has low balance: 0 ETH
2025-05-08 07:49:17,665 - WARNING - [0x57204eb8b044F0eaD8fF1A5E32cb5424F3065643] has low balance: 0 ETH
2025-05-08 07:49:17,735 - WARNING - [0x3fd92b7BA9dC387e24C4e4D7752B95b36a9f6AC9] has low balance: 0 ETH
2025-05-08 07:49:17,778 - WARNING - [0x2f52b70560FCE7301e53EAE92b5563D77e2215C3] has low balance: 0 ETH
2025-05-08 07:49:17,911 - WARNING - [0x57f24b32781FBa2A14062467A3193df7Ba83c4f6] has low balance: 0 ETH
2025-05-08 07:49:17,977 - WARNING - [0xaf1507aDc4Eb77e3062d0ac6280F98411107d361] has low balance: 0 ETH
2025-05-08 07:49:18,015 - WARNING - [0xa6F272869A8aFa6Ba58beff5e640E1E51a9De860] has low balance: 0 ETH
2025-05-08 07:49:18,189 - WARNING - [0x21237Caa6fBB7ceCb44f30AaD255C2AC322BA912] has low balance: 0 ETH
2025-05-08 07:49:18,218 - WARNING - [0x898f56f7351e865Ea6F4306F7f0228ECEb7186Ce] has low balance: 0 ETH
2025-05-08 07:49:18,244 - WARNING - [0x609f14E8f462b92bb48B32260F911f3bF8088738] has low balance: 0 ETH
2025-05-08 07:49:18,444 - WARNING - [0x8E2CF4Aef414C1e7172478B87201ce3D40A261c3] has low balance: 0 ETH
2025-05-08 07:49:18,446 - WARNING - [0xc6Eac57ee8c9B0d1F4aF3afce95686d41bD36bF2] has low balance: 0 ETH
2025-05-08 07:49:18,571 - WARNING - [0x34B069d6E4190fB5cC77975ED0ccb4950C61484d] has low balance: 0 ETH
2025-05-08 07:49:18,673 - WARNING - [0x0A6A249A69384FD7168706F9BD96F9f8925Ea6b0] has low balance: 0 ETH
2025-05-08 07:49:18,694 - WARNING - [0xDC423d1dd5178CdC55F56e90177FB2f882f6797e] has low balance: 0 ETH
2025-05-08 07:49:18,797 - WARNING - [0x0352b3285AC3AE9c42F8EC182993218c306e083F] has low balance: 0 ETH
2025-05-08 07:49:18,921 - WARNING - [0x618DDcEfFe9392f2376446f6BA6dA66c7f1317D8] has low balance: 0 ETH
2025-05-08 07:49:18,932 - WARNING - [0x71FE1d5927E003f8aDE0f1FBe6640AA4B7DBa4f4] has low balance: 0 ETH
2025-05-08 07:49:19,037 - WARNING - [0x75C15e9D6498DB1A3c4AEb2e73AdCb3eF41e40AF] has low balance: 0 ETH
2025-05-08 07:49:19,150 - WARNING - [0x26189296AfAb2098503F98808a36922aED951035] has low balance: 0 ETH
2025-05-08 07:49:19,259 - WARNING - [0xb48E21e88d5EA0A9C5C7F4e8490e676008abdbbe] has low balance: 0 ETH
2025-05-08 07:49:19,389 - WARNING - [0x9A5440081c2c42b54A44A2ca976FB723D336e9ef] has low balance: 0 ETH
2025-05-08 07:49:19,477 - WARNING - [0xcc4594d6a91E7e4a50395F38B6707B60BA5feF8a] has low balance: 0 ETH
2025-05-08 07:49:19,629 - WARNING - [0x08bf9a74fA59f21930c6aF03853a2feda14B716d] has low balance: 0 ETH
2025-05-08 07:49:19,768 - WARNING - [0x7c713d0Fa528895bf85d61E1531a0d0f3Fbd35C3] has low balance: 0 ETH
2025-05-08 07:49:19,863 - WARNING - [0x3c4a498e92357bbd96EE1e8F64f53F99b0a8f690] has low balance: 0 ETH
2025-05-08 07:49:19,986 - WARNING - [0x8661d0EdD9B440c68fA13038EE72B712C399F2eB] has low balance: 0 ETH
2025-05-08 07:49:20,109 - WARNING - [0xb13fc4a17A0e46b613bf79Cd203828CB7E434D98] has low balance: 0 ETH
2025-05-08 07:49:20,476 - WARNING - [0xBC75eE68c8322c92A811d0D047caef47DDf8d839] has low balance: 0 ETH
2025-05-08 07:49:20,697 - WARNING - [0x33479c324798C376a8Ec1f4aaE8587e4C184182c] has low balance: 0 ETH
2025-05-08 07:49:20,713 - WARNING - [0x9dCA833FFC70B36F8C58307867d79AC0FC486b86] has low balance: 0 ETH
2025-05-08 07:49:20,930 - WARNING - [0x7734d18a7d689f99890B51d79BE0a97a6c15AAdC] has low balance: 0 ETH
2025-05-08 07:49:20,935 - WARNING - [0xB5252D5Eb1F11CF5948fA20Dca2d601d96462519] has low balance: 0 ETH
2025-05-08 07:49:21,170 - WARNING - [0x009AC2814f5EE0cA6E6b1A1567D1f65D5e9bf5D7] has low balance: 0 ETH
2025-05-08 07:49:21,175 - WARNING - [0x61c4d5471F5D998e6784F1c202d6ca9ecd6270a9] has low balance: 0 ETH
2025-05-08 07:49:21,410 - WARNING - [0x06a4B6A877801846Cb562ae2261514006Ab770AD] has low balance: 0 ETH
2025-05-08 07:49:21,412 - WARNING - [0xcE613c008d15C7bc0a28B7762687b3f141Fef9b3] has low balance: 0 ETH
2025-05-08 07:49:21,656 - WARNING - [0x829aB932bc7364237A92b5c03151B687bC9AfC0a] has low balance: 0 ETH
2025-05-08 07:49:21,657 - WARNING - [0xFCbb6aB00Be5a2093E1e2A0d7963B7294a7ab2FD] has low balance: 0 ETH
2025-05-08 07:49:21,904 - WARNING - [0x7a79F6D43eCD1a2Cd4E2Fa97c92e8113E124010e] has low balance: 0 ETH
2025-05-08 07:49:21,905 - WARNING - [0xFCA4d5DA3655De553B9836Ba68953176Fb1D80a6] has low balance: 0 ETH
2025-05-08 07:49:22,143 - WARNING - [0x781a5E0c55478621076AC99f52a5802f0425E679] has low balance: 0 ETH
2025-05-08 07:49:22,163 - WARNING - [0xb7174b3945bB2170dfaeCA480D65E95509EBA39f] has low balance: 0 ETH
2025-05-08 07:49:22,400 - WARNING - [0x8445d337412927a2Ba04D0b4B5281Ac60dC023DC] has low balance: 0 ETH
2025-05-08 07:49:22,493 - WARNING - [0x49b5a130DA17BDD1812e9ed15552f7F7092e09Bd] has low balance: 0 ETH
2025-05-08 07:49:22,644 - WARNING - [0xB3e19C86Fa8f278Ced86815BF42189Ec135EE67F] has low balance: 0 ETH
2025-05-08 07:49:22,723 - WARNING - [0xce6405A2D52B0a5c31821A06D11F192f7f15DA6f] has low balance: 0 ETH
2025-05-08 07:49:22,873 - WARNING - [0x5556a68cb250C5bc8d5a64e900e22c526cE1cb52] has low balance: 0 ETH
2025-05-08 07:49:22,941 - WARNING - [0xf73b2A4E6E0b80DF3cDE8B66954cc89656EEFcF7] has low balance: 0 ETH
2025-05-08 07:49:22,972 - INFO - [0xf52F194Fc1aF72aB069A1F455222d08908ee3010] mint_cusdc DONE | 0x64dd08ebfc57aa8ee328e680a677e18829ebf7184093b7c24dbefac4f3f314a8
2025-05-08 07:49:23,174 - WARNING - [0x8EF069999BB8E705449018Fa8696bC8126da675b] has low balance: 0 ETH
2025-05-08 07:49:23,215 - WARNING - [0x8dD968d83aDE887004017BE60d79b6D4c1CEf5Ca] has low balance: 0 ETH
2025-05-08 07:49:23,411 - WARNING - [0xF0bB46219dec9A0E4080977985E99cC4604bfb7F] has low balance: 0 ETH
2025-05-08 07:49:23,477 - WARNING - [0x2cf513B889878E32426cE91fEd8871048d7A9273] has low balance: 0 ETH
2025-05-08 07:49:23,652 - WARNING - [0xA99bf244ae6f89EB1ede4b9Df71CB0786C29Db3C] has low balance: 0 ETH
2025-05-08 07:49:23,700 - WARNING - [0x53cD2f2Bb4024B82e71DdD04cA150B0DA5ddCB97] has low balance: 0 ETH
2025-05-08 07:49:23,877 - WARNING - [0x7F1450866fa1A381974D50051587D1D18C0FFC02] has low balance: 0 ETH
2025-05-08 07:49:23,920 - WARNING - [0xaE47a3Ee037C47b2b44e24D7Fb8b2D1B8Bb5cd1a] has low balance: 0 ETH
2025-05-08 07:49:24,083 - WARNING - [0x5163B6AD4EBbAd7bf412fd5a83Ec90a1A276109b] has low balance: 0 ETH
2025-05-08 07:49:24,144 - WARNING - [0x2ed97c098345A38019CCd3d45Fa672cfD881b7aA] has low balance: 0 ETH
2025-05-08 07:49:24,323 - WARNING - [0x7988cB4E163C21eAC1f84d518FE783101CE285D9] has low balance: 0 ETH
2025-05-08 07:49:24,380 - WARNING - [0x637Ca1819c4381726E397dae8fE2D74f32011B6F] has low balance: 0 ETH
2025-05-08 07:49:24,554 - WARNING - [0xD05d48FE1ec5b78678ABb7dE2bF055F8cdEdd80d] has low balance: 0 ETH
2025-05-08 07:49:24,614 - WARNING - [0x3C83eaa981dfc57E447018280F646a067931f1Fe] has low balance: 0 ETH
2025-05-08 07:49:32,402 - INFO - [0xf52F194Fc1aF72aB069A1F455222d08908ee3010] unshield_cusdc DONE | 0x0417f500b593398cac13ef1732a2ed6c72a241706d736912d445e154bacf9e01
2025-05-08 07:49:48,400 - INFO - [0xf52F194Fc1aF72aB069A1F455222d08908ee3010] mint_usdc DONE | 0x8074500382501d24e55584d52d332656f2c9a7bd4ec837e97cc6bcc658418220
2025-05-08 07:50:02,586 - INFO - [0xf52F194Fc1aF72aB069A1F455222d08908ee3010] approve DONE | 0xa9bfb4396619e1c5996c105860632405fd91e9b2274c8c2646ea1680246444c7
2025-05-08 07:50:06,608 - INFO - [0xf52F194Fc1aF72aB069A1F455222d08908ee3010] wrap DONE | 0xefa843a118f2df8a147c11564855a07baaced8d94dd5e8054ecec2b44f12e649
2025-05-08 07:50:19,461 - INFO - [0xf52F194Fc1aF72aB069A1F455222d08908ee3010] create_game DONE | 0x15a2beb3628ea760ae4bc3983f75c50f9be3d8354bd4d6b690b922988240e051 | Game address: 0xF24140e596A1cbb3B4AA9dc3E73FD621dFf1422D
2025-05-08 07:50:19,461 - INFO - [0xf52F194Fc1aF72aB069A1F455222d08908ee3010] Simulated secret word: bank
2025-05-08 07:50:22,610 - INFO - [0xf52F194Fc1aF72aB069A1F455222d08908ee3010] guess_letter('v') DONE | 0x9ca93349ab9a758a1f66d97c262b31e5e7292b761ecab2e9cb663a455a8cecb0
2025-05-08 07:50:32,708 - INFO - [0xf52F194Fc1aF72aB069A1F455222d08908ee3010] guess_letter('l') DONE | 0x93e62f3e8fe2cda59db8b51ae1fb021bbe1c2161b105c0b3efe6e4ad07435b83
2025-05-08 07:50:49,017 - INFO - [0xf52F194Fc1aF72aB069A1F455222d08908ee3010] guess_letter('k') DONE | 0xea80fe0b4c9ef63ee12bd42f72b82c959e91218e4dc34b233faba90ce9e16fe8
2025-05-08 07:51:08,831 - INFO - [0xf52F194Fc1aF72aB069A1F455222d08908ee3010] guess_letter('b') DONE | 0x17bcd5ab2bd8eb508f1f031b1d9795f81d7d9622d41530ec0d380dbe5baf4b66
2025-05-08 07:51:18,708 - INFO - [0xf52F194Fc1aF72aB069A1F455222d08908ee3010] guess_letter('a') DONE | 0xe2de60aeb236b83d82ceca3addae06ef8b3c070da675d7f698840a2a47448996
2025-05-08 07:51:30,907 - INFO - [0xf52F194Fc1aF72aB069A1F455222d08908ee3010] guess_letter('n') DONE | 0xdf7330b4e6923d12695cb97ef137355a1cdfe77bba2c719c89ce19a2e276ae9e
2025-05-08 07:51:30,907 - INFO - [0xf52F194Fc1aF72aB069A1F455222d08908ee3010] Game completed: Won!
2025-05-08 07:51:43,849 - INFO - All wallet operations completed
